0 verbose cli [ '/usr/local/bin/node', '/usr/local/bin/npm', 'install' ]
1 info using npm@8.1.0
2 info using node@v16.13.0
3 timing npm:load:whichnode Completed in 0ms
4 timing config:load:defaults Completed in 2ms
5 timing config:load:file:/usr/local/lib/node_modules/npm/npmrc Completed in 0ms
6 timing config:load:builtin Completed in 0ms
7 timing config:load:cli Completed in 2ms
8 timing config:load:env Completed in 0ms
9 timing config:load:file:/tmp/project/.npmrc Completed in 0ms
10 timing config:load:project Completed in 1ms
11 timing config:load:file:/home/node/.npmrc Completed in 0ms
12 timing config:load:user Completed in 0ms
13 timing config:load:file:/home/node/.npm-global/etc/npmrc Completed in 0ms
14 timing config:load:global Completed in 1ms
15 timing config:load:validate Completed in 0ms
16 timing config:load:credentials Completed in 1ms
17 timing config:load:setEnvs Completed in 1ms
18 timing config:load Completed in 8ms
19 timing npm:load:configload Completed in 8ms
20 timing npm:load:setTitle Completed in 0ms
21 timing npm:load:setupLog Completed in 0ms
22 timing config:load:flatten Completed in 3ms
23 timing npm:load:cleanupLog Completed in 2ms
24 timing npm:load:configScope Completed in 0ms
25 timing npm:load:projectScope Completed in 0ms
26 timing npm:load Completed in 15ms
27 timing arborist:ctor Completed in 1ms
28 timing arborist:ctor Completed in 0ms
29 timing idealTree:init Completed in 16ms
30 timing idealTree:userRequests Completed in 0ms
31 silly idealTree buildDeps
32 timing idealTree:#root Completed in 1ms
33 timing idealTree:buildDeps Completed in 1ms
34 timing idealTree:fixDepFlags Completed in 0ms
35 timing idealTree Completed in 18ms
36 timing reify:loadTrees Completed in 18ms
37 timing reify:diffTrees Completed in 0ms
38 silly reify moves {}
39 timing reify:retireShallow Completed in 0ms
40 timing reify:createSparse Completed in 0ms
41 timing reify:loadBundles Completed in 0ms
42 silly audit report null
43 timing reify:audit Completed in 1ms
44 timing reify:unpack Completed in 0ms
45 timing reify:unretire Completed in 0ms
46 timing build:queue Completed in 0ms
47 timing build:deps Completed in 1ms
48 timing build Completed in 1ms
49 timing reify:build Completed in 1ms
50 timing reify:trash Completed in 0ms
51 timing reify:save Completed in 2ms
52 timing reify Completed in 37ms
53 timing command:install Completed in 42ms
54 verbose stack Error: ENOENT: no such file or directory, open '/tmp/project/package.json'
55 verbose cwd /tmp/project
56 verbose Linux 4.19.128-microsoft-standard
57 verbose argv "/usr/local/bin/node" "/usr/local/bin/npm" "install"
58 verbose node v16.13.0
59 verbose npm  v8.1.0
60 error code ENOENT
61 error syscall open
62 error path /tmp/project/package.json
63 error errno -2
64 error enoent ENOENT: no such file or directory, open '/tmp/project/package.json'
65 error enoent This is related to npm not being able to find a file.
66 verbose exit -2
